<!DOCTYPE html PUBLIC "-//W3C//DTD XHTML 1.1//EN" "http://www.w3.org/TR/xhtml11/DTD/xhtml11.dtd">
<html xmlns="http://www.w3.org/1999/xhtml"><head><title>TestNG Report</title><style type="text/css">table {margin-bottom:10px;border-collapse:collapse;empty-cells:show}th,td {border:1px solid #009;padding:.25em .5em}th {vertical-align:bottom}td {vertical-align:top}table a {font-weight:bold}.stripe td {background-color: #E6EBF9}.num {text-align:right}.passedodd td {background-color: #3F3}.passedeven td {background-color: #0A0}.skippedodd td {background-color: #DDD}.skippedeven td {background-color: #CCC}.failedodd td,.attn {background-color: #F33}.failedeven td,.stripe .attn {background-color: #D00}.stacktrace {white-space:pre;font-family:monospace}.totop {font-size:85%;text-align:center;border-bottom:2px solid #000}</style></head><body><table><tr><th>Test</th><th># Passed</th><th># Skipped</th><th># Failed</th><th>Time (ms)</th><th>Included Groups</th><th>Excluded Groups</th></tr><tr><th colspan="7">Default suite</th></tr><tr><td><a href="#t0">Default test</a></td><td class="num">0</td><td class="num">0</td><td class="num attn">27</td><td class="num">15,322</td><td></td><td></td></tr></table><table id='summary'><thead><tr><th>Class</th><th>Method</th><th>Start</th><th>Time (ms)</th></tr></thead><tbody><tr><th colspan="4">Default suite</th></tr></tbody><tbody id="t0"><tr><th colspan="4">Default test &#8212; failed</th></tr><tr class="failedeven"><td rowspan="27">com.flightbooking.runners.TestRunner</td><td><a href="#m0">runScenario</a></td><td rowspan="27">1753949352108</td><td rowspan="27">3416</td></tr><tr class="failedeven"><td><a href="#m1">runScenario</a></td></tr><tr class="failedeven"><td><a href="#m2">runScenario</a></td></tr><tr class="failedeven"><td><a href="#m3">runScenario</a></td></tr><tr class="failedeven"><td><a href="#m4">runScenario</a></td></tr><tr class="failedeven"><td><a href="#m5">runScenario</a></td></tr><tr class="failedeven"><td><a href="#m6">runScenario</a></td></tr><tr class="failedeven"><td><a href="#m7">runScenario</a></td></tr><tr class="failedeven"><td><a href="#m8">runScenario</a></td></tr><tr class="failedeven"><td><a href="#m9">runScenario</a></td></tr><tr class="failedeven"><td><a href="#m10">runScenario</a></td></tr><tr class="failedeven"><td><a href="#m11">runScenario</a></td></tr><tr class="failedeven"><td><a href="#m12">runScenario</a></td></tr><tr class="failedeven"><td><a href="#m13">runScenario</a></td></tr><tr class="failedeven"><td><a href="#m14">runScenario</a></td></tr><tr class="failedeven"><td><a href="#m15">runScenario</a></td></tr><tr class="failedeven"><td><a href="#m16">runScenario</a></td></tr><tr class="failedeven"><td><a href="#m17">runScenario</a></td></tr><tr class="failedeven"><td><a href="#m18">runScenario</a></td></tr><tr class="failedeven"><td><a href="#m19">runScenario</a></td></tr><tr class="failedeven"><td><a href="#m20">runScenario</a></td></tr><tr class="failedeven"><td><a href="#m21">runScenario</a></td></tr><tr class="failedeven"><td><a href="#m22">runScenario</a></td></tr><tr class="failedeven"><td><a href="#m23">runScenario</a></td></tr><tr class="failedeven"><td><a href="#m24">runScenario</a></td></tr><tr class="failedeven"><td><a href="#m25">runScenario</a></td></tr><tr class="failedeven"><td><a href="#m26">runScenario</a></td></tr></tbody></table><h2>Default test</h2><h3 id="m0">com.flightbooking.runners.TestRunner#runScenario</h3><table class="result"><tr class="param"><th>Parameter #1</th><th>Parameter #2</th></tr><tr class="param stripe"><td>&quot;Valid Flight Type&quot;</td><td>&quot;Flight Search Functionality&quot;</td></tr><tr><th colspan="2">Exception</th></tr><tr><td colspan="2"><div class="stacktrace">java.lang.NoSuchMethodError: &apos;org.openqa.selenium.WebDriver$Timeouts org.openqa.selenium.WebDriver$Timeouts.implicitlyWait(java.time.Duration)&apos;
	at com.flightbooking.utils.WebDriverFactory.initilizeBrowser(WebDriverFactory.java:40)
	at com.flightbooking.hooks.Hooks.setup(Hooks.java:24)
</div></td></tr></table><p class="totop"><a href="#summary">back to summary</a></p><h3 id="m1">com.flightbooking.runners.TestRunner#runScenario</h3><table class="result"><tr class="param"><th>Parameter #1</th><th>Parameter #2</th></tr><tr class="param stripe"><td>&quot;Submit form with invalid phone number&quot;</td><td>&quot;Enquiry Form Validations&quot;</td></tr><tr><th colspan="2">Exception</th></tr><tr><td colspan="2"><div class="stacktrace">java.lang.NoSuchMethodError: &apos;org.openqa.selenium.WebDriver$Timeouts org.openqa.selenium.WebDriver$Timeouts.implicitlyWait(java.time.Duration)&apos;
	at com.flightbooking.utils.WebDriverFactory.initilizeBrowser(WebDriverFactory.java:40)
	at com.flightbooking.hooks.Hooks.setup(Hooks.java:24)
</div></td></tr></table><p class="totop"><a href="#summary">back to summary</a></p><h3 id="m2">com.flightbooking.runners.TestRunner#runScenario</h3><table class="result"><tr class="param"><th>Parameter #1</th><th>Parameter #2</th></tr><tr class="param stripe"><td>&quot;Invalid Date&quot;</td><td>&quot;Flight Ticket Booking&quot;</td></tr><tr><th colspan="2">Exception</th></tr><tr><td colspan="2"><div class="stacktrace">java.lang.NoSuchMethodError: &apos;org.openqa.selenium.WebDriver$Timeouts org.openqa.selenium.WebDriver$Timeouts.implicitlyWait(java.time.Duration)&apos;
	at com.flightbooking.utils.WebDriverFactory.initilizeBrowser(WebDriverFactory.java:40)
	at com.flightbooking.hooks.Hooks.setup(Hooks.java:24)
</div></td></tr></table><p class="totop"><a href="#summary">back to summary</a></p><h3 id="m3">com.flightbooking.runners.TestRunner#runScenario</h3><table class="result"><tr class="param"><th>Parameter #1</th><th>Parameter #2</th></tr><tr class="param stripe"><td>&quot;Invalid Travel From/To&quot;</td><td>&quot;Flight Ticket Booking&quot;</td></tr><tr><th colspan="2">Exception</th></tr><tr><td colspan="2"><div class="stacktrace">java.lang.NoSuchMethodError: &apos;org.openqa.selenium.WebDriver$Timeouts org.openqa.selenium.WebDriver$Timeouts.implicitlyWait(java.time.Duration)&apos;
	at com.flightbooking.utils.WebDriverFactory.initilizeBrowser(WebDriverFactory.java:40)
	at com.flightbooking.hooks.Hooks.setup(Hooks.java:24)
</div></td></tr></table><p class="totop"><a href="#summary">back to summary</a></p><h3 id="m4">com.flightbooking.runners.TestRunner#runScenario</h3><table class="result"><tr class="param"><th>Parameter #1</th><th>Parameter #2</th></tr><tr class="param stripe"><td>&quot;Invalid Flight Number&quot;</td><td>&quot;Flight Search Functionality&quot;</td></tr><tr><th colspan="2">Exception</th></tr><tr><td colspan="2"><div class="stacktrace">java.lang.NoSuchMethodError: &apos;org.openqa.selenium.WebDriver$Timeouts org.openqa.selenium.WebDriver$Timeouts.implicitlyWait(java.time.Duration)&apos;
	at com.flightbooking.utils.WebDriverFactory.initilizeBrowser(WebDriverFactory.java:40)
	at com.flightbooking.hooks.Hooks.setup(Hooks.java:24)
</div></td></tr></table><p class="totop"><a href="#summary">back to summary</a></p><h3 id="m5">com.flightbooking.runners.TestRunner#runScenario</h3><table class="result"><tr class="param"><th>Parameter #1</th><th>Parameter #2</th></tr><tr class="param stripe"><td>&quot;Unsuccessful Login with Invalid Username (TC-UI-LOGIN-002)&quot;</td><td>&quot;Login&quot;</td></tr><tr><th colspan="2">Exception</th></tr><tr><td colspan="2"><div class="stacktrace">java.lang.NoSuchMethodError: &apos;org.openqa.selenium.WebDriver$Timeouts org.openqa.selenium.WebDriver$Timeouts.implicitlyWait(java.time.Duration)&apos;
	at com.flightbooking.utils.WebDriverFactory.initilizeBrowser(WebDriverFactory.java:40)
	at com.flightbooking.hooks.Hooks.setup(Hooks.java:24)
</div></td></tr></table><p class="totop"><a href="#summary">back to summary</a></p><h3 id="m6">com.flightbooking.runners.TestRunner#runScenario</h3><table class="result"><tr class="param"><th>Parameter #1</th><th>Parameter #2</th></tr><tr class="param stripe"><td>&quot;Valid Flight Number&quot;</td><td>&quot;Flight Search Functionality&quot;</td></tr><tr><th colspan="2">Exception</th></tr><tr><td colspan="2"><div class="stacktrace">java.lang.NoSuchMethodError: &apos;org.openqa.selenium.WebDriver$Timeouts org.openqa.selenium.WebDriver$Timeouts.implicitlyWait(java.time.Duration)&apos;
	at com.flightbooking.utils.WebDriverFactory.initilizeBrowser(WebDriverFactory.java:40)
	at com.flightbooking.hooks.Hooks.setup(Hooks.java:24)
</div></td></tr></table><p class="totop"><a href="#summary">back to summary</a></p><h3 id="m7">com.flightbooking.runners.TestRunner#runScenario</h3><table class="result"><tr class="param"><th>Parameter #1</th><th>Parameter #2</th></tr><tr class="param stripe"><td>&quot;Invalid Flight Name&quot;</td><td>&quot;Flight Search Functionality&quot;</td></tr><tr><th colspan="2">Exception</th></tr><tr><td colspan="2"><div class="stacktrace">java.lang.NoSuchMethodError: &apos;org.openqa.selenium.WebDriver$Timeouts org.openqa.selenium.WebDriver$Timeouts.implicitlyWait(java.time.Duration)&apos;
	at com.flightbooking.utils.WebDriverFactory.initilizeBrowser(WebDriverFactory.java:40)
	at com.flightbooking.hooks.Hooks.setup(Hooks.java:24)
</div></td></tr></table><p class="totop"><a href="#summary">back to summary</a></p><h3 id="m8">com.flightbooking.runners.TestRunner#runScenario</h3><table class="result"><tr class="param"><th>Parameter #1</th><th>Parameter #2</th></tr><tr class="param stripe"><td>&quot;TC-UI-TICKET-006 - Invalid Email&quot;</td><td>&quot;Flight Ticket Booking&quot;</td></tr><tr><th colspan="2">Exception</th></tr><tr><td colspan="2"><div class="stacktrace">java.lang.NoSuchMethodError: &apos;org.openqa.selenium.WebDriver$Timeouts org.openqa.selenium.WebDriver$Timeouts.implicitlyWait(java.time.Duration)&apos;
	at com.flightbooking.utils.WebDriverFactory.initilizeBrowser(WebDriverFactory.java:40)
	at com.flightbooking.hooks.Hooks.setup(Hooks.java:24)
</div></td></tr></table><p class="totop"><a href="#summary">back to summary</a></p><h3 id="m9">com.flightbooking.runners.TestRunner#runScenario</h3><table class="result"><tr class="param"><th>Parameter #1</th><th>Parameter #2</th></tr><tr class="param stripe"><td>&quot;Successful Login with Valid Credentials (TC-UI-LOGIN-001)&quot;</td><td>&quot;Login&quot;</td></tr><tr><th colspan="2">Exception</th></tr><tr><td colspan="2"><div class="stacktrace">java.lang.NoSuchMethodError: &apos;org.openqa.selenium.WebDriver$Timeouts org.openqa.selenium.WebDriver$Timeouts.implicitlyWait(java.time.Duration)&apos;
	at com.flightbooking.utils.WebDriverFactory.initilizeBrowser(WebDriverFactory.java:40)
	at com.flightbooking.hooks.Hooks.setup(Hooks.java:24)
</div></td></tr></table><p class="totop"><a href="#summary">back to summary</a></p><h3 id="m10">com.flightbooking.runners.TestRunner#runScenario</h3><table class="result"><tr class="param"><th>Parameter #1</th><th>Parameter #2</th></tr><tr class="param stripe"><td>&quot;Enter special characters in Name&quot;</td><td>&quot;Enquiry Form Validations&quot;</td></tr><tr><th colspan="2">Exception</th></tr><tr><td colspan="2"><div class="stacktrace">java.lang.NoSuchMethodError: &apos;org.openqa.selenium.WebDriver$Timeouts org.openqa.selenium.WebDriver$Timeouts.implicitlyWait(java.time.Duration)&apos;
	at com.flightbooking.utils.WebDriverFactory.initilizeBrowser(WebDriverFactory.java:40)
	at com.flightbooking.hooks.Hooks.setup(Hooks.java:24)
</div></td></tr></table><p class="totop"><a href="#summary">back to summary</a></p><h3 id="m11">com.flightbooking.runners.TestRunner#runScenario</h3><table class="result"><tr class="param"><th>Parameter #1</th><th>Parameter #2</th></tr><tr class="param stripe"><td>&quot;Valid Travel From/To&quot;</td><td>&quot;Flight Ticket Booking&quot;</td></tr><tr><th colspan="2">Exception</th></tr><tr><td colspan="2"><div class="stacktrace">java.lang.NoSuchMethodError: &apos;org.openqa.selenium.WebDriver$Timeouts org.openqa.selenium.WebDriver$Timeouts.implicitlyWait(java.time.Duration)&apos;
	at com.flightbooking.utils.WebDriverFactory.initilizeBrowser(WebDriverFactory.java:40)
	at com.flightbooking.hooks.Hooks.setup(Hooks.java:24)
</div></td></tr></table><p class="totop"><a href="#summary">back to summary</a></p><h3 id="m12">com.flightbooking.runners.TestRunner#runScenario</h3><table class="result"><tr class="param"><th>Parameter #1</th><th>Parameter #2</th></tr><tr class="param stripe"><td>&quot;Invalid Captcha (TC-UI-LOGIN-005)&quot;</td><td>&quot;Login&quot;</td></tr><tr><th colspan="2">Exception</th></tr><tr><td colspan="2"><div class="stacktrace">java.lang.NoSuchMethodError: &apos;org.openqa.selenium.WebDriver$Timeouts org.openqa.selenium.WebDriver$Timeouts.implicitlyWait(java.time.Duration)&apos;
	at com.flightbooking.utils.WebDriverFactory.initilizeBrowser(WebDriverFactory.java:40)
	at com.flightbooking.hooks.Hooks.setup(Hooks.java:24)
</div></td></tr></table><p class="totop"><a href="#summary">back to summary</a></p><h3 id="m13">com.flightbooking.runners.TestRunner#runScenario</h3><table class="result"><tr class="param"><th>Parameter #1</th><th>Parameter #2</th></tr><tr class="param stripe"><td>&quot;Valid Date&quot;</td><td>&quot;Flight Ticket Booking&quot;</td></tr><tr><th colspan="2">Exception</th></tr><tr><td colspan="2"><div class="stacktrace">java.lang.NullPointerException: Cannot invoke &quot;String.toLowerCase()&quot; because the return value of &quot;java.util.Properties.getProperty(String)&quot; is null
	at com.flightbooking.utils.WebDriverFactory.initilizeBrowser(WebDriverFactory.java:22)
	at com.flightbooking.hooks.Hooks.setup(Hooks.java:24)
</div></td></tr></table><p class="totop"><a href="#summary">back to summary</a></p><h3 id="m14">com.flightbooking.runners.TestRunner#runScenario</h3><table class="result"><tr class="param"><th>Parameter #1</th><th>Parameter #2</th></tr><tr class="param stripe"><td>&quot;Invalid Phone Number&quot;</td><td>&quot;Flight Ticket Booking&quot;</td></tr><tr><th colspan="2">Exception</th></tr><tr><td colspan="2"><div class="stacktrace">java.lang.NoSuchMethodError: &apos;org.openqa.selenium.WebDriver$Timeouts org.openqa.selenium.WebDriver$Timeouts.implicitlyWait(java.time.Duration)&apos;
	at com.flightbooking.utils.WebDriverFactory.initilizeBrowser(WebDriverFactory.java:40)
	at com.flightbooking.hooks.Hooks.setup(Hooks.java:24)
</div></td></tr></table><p class="totop"><a href="#summary">back to summary</a></p><h3 id="m15">com.flightbooking.runners.TestRunner#runScenario</h3><table class="result"><tr class="param"><th>Parameter #1</th><th>Parameter #2</th></tr><tr class="param stripe"><td>&quot;Submit valid enquiry&quot;</td><td>&quot;Enquiry Form Validations&quot;</td></tr><tr><th colspan="2">Exception</th></tr><tr><td colspan="2"><div class="stacktrace">java.lang.NoSuchMethodError: &apos;org.openqa.selenium.WebDriver$Timeouts org.openqa.selenium.WebDriver$Timeouts.implicitlyWait(java.time.Duration)&apos;
	at com.flightbooking.utils.WebDriverFactory.initilizeBrowser(WebDriverFactory.java:40)
	at com.flightbooking.hooks.Hooks.setup(Hooks.java:24)
</div></td></tr></table><p class="totop"><a href="#summary">back to summary</a></p><h3 id="m16">com.flightbooking.runners.TestRunner#runScenario</h3><table class="result"><tr class="param"><th>Parameter #1</th><th>Parameter #2</th></tr><tr class="param stripe"><td>&quot;Unsuccessful Login with Invalid Password (TC-UI-LOGIN-003)&quot;</td><td>&quot;Login&quot;</td></tr><tr><th colspan="2">Exception</th></tr><tr><td colspan="2"><div class="stacktrace">java.lang.NoSuchMethodError: &apos;org.openqa.selenium.WebDriver$Timeouts org.openqa.selenium.WebDriver$Timeouts.implicitlyWait(java.time.Duration)&apos;
	at com.flightbooking.utils.WebDriverFactory.initilizeBrowser(WebDriverFactory.java:40)
	at com.flightbooking.hooks.Hooks.setup(Hooks.java:24)
</div></td></tr></table><p class="totop"><a href="#summary">back to summary</a></p><h3 id="m17">com.flightbooking.runners.TestRunner#runScenario</h3><table class="result"><tr class="param"><th>Parameter #1</th><th>Parameter #2</th></tr><tr class="param stripe"><td>&quot;Valid Flight Name&quot;</td><td>&quot;Flight Search Functionality&quot;</td></tr><tr><th colspan="2">Exception</th></tr><tr><td colspan="2"><div class="stacktrace">java.lang.NoSuchMethodError: &apos;org.openqa.selenium.WebDriver$Timeouts org.openqa.selenium.WebDriver$Timeouts.implicitlyWait(java.time.Duration)&apos;
	at com.flightbooking.utils.WebDriverFactory.initilizeBrowser(WebDriverFactory.java:40)
	at com.flightbooking.hooks.Hooks.setup(Hooks.java:24)
</div></td></tr></table><p class="totop"><a href="#summary">back to summary</a></p><h3 id="m18">com.flightbooking.runners.TestRunner#runScenario</h3><table class="result"><tr class="param"><th>Parameter #1</th><th>Parameter #2</th></tr><tr class="param stripe"><td>&quot;Valid Email&quot;</td><td>&quot;Flight Ticket Booking&quot;</td></tr><tr><th colspan="2">Exception</th></tr><tr><td colspan="2"><div class="stacktrace">java.lang.NoSuchMethodError: &apos;org.openqa.selenium.WebDriver$Timeouts org.openqa.selenium.WebDriver$Timeouts.implicitlyWait(java.time.Duration)&apos;
	at com.flightbooking.utils.WebDriverFactory.initilizeBrowser(WebDriverFactory.java:40)
	at com.flightbooking.hooks.Hooks.setup(Hooks.java:24)
</div></td></tr></table><p class="totop"><a href="#summary">back to summary</a></p><h3 id="m19">com.flightbooking.runners.TestRunner#runScenario</h3><table class="result"><tr class="param"><th>Parameter #1</th><th>Parameter #2</th></tr><tr class="param stripe"><td>&quot;TC-UI-TICKET-007 - Valid Phone Number&quot;</td><td>&quot;Flight Ticket Booking&quot;</td></tr><tr><th colspan="2">Exception</th></tr><tr><td colspan="2"><div class="stacktrace">java.lang.NoSuchMethodError: &apos;org.openqa.selenium.WebDriver$Timeouts org.openqa.selenium.WebDriver$Timeouts.implicitlyWait(java.time.Duration)&apos;
	at com.flightbooking.utils.WebDriverFactory.initilizeBrowser(WebDriverFactory.java:40)
	at com.flightbooking.hooks.Hooks.setup(Hooks.java:24)
</div></td></tr></table><p class="totop"><a href="#summary">back to summary</a></p><h3 id="m20">com.flightbooking.runners.TestRunner#runScenario</h3><table class="result"><tr class="param"><th>Parameter #1</th><th>Parameter #2</th></tr><tr class="param stripe"><td>&quot;Invalid Flight Type&quot;</td><td>&quot;Flight Search Functionality&quot;</td></tr><tr><th colspan="2">Exception</th></tr><tr><td colspan="2"><div class="stacktrace">java.lang.NoSuchMethodError: &apos;org.openqa.selenium.WebDriver$Timeouts org.openqa.selenium.WebDriver$Timeouts.implicitlyWait(java.time.Duration)&apos;
	at com.flightbooking.utils.WebDriverFactory.initilizeBrowser(WebDriverFactory.java:40)
	at com.flightbooking.hooks.Hooks.setup(Hooks.java:24)
</div></td></tr></table><p class="totop"><a href="#summary">back to summary</a></p><h3 id="m21">com.flightbooking.runners.TestRunner#runScenario</h3><table class="result"><tr class="param"><th>Parameter #1</th><th>Parameter #2</th></tr><tr class="param stripe"><td>&quot;Duplicate Booking Check&quot;</td><td>&quot;Flight Ticket Booking&quot;</td></tr><tr><th colspan="2">Exception</th></tr><tr><td colspan="2"><div class="stacktrace">java.lang.NullPointerException: Cannot invoke &quot;String.toLowerCase()&quot; because the return value of &quot;java.util.Properties.getProperty(String)&quot; is null
	at com.flightbooking.utils.WebDriverFactory.initilizeBrowser(WebDriverFactory.java:22)
	at com.flightbooking.hooks.Hooks.setup(Hooks.java:24)
</div></td></tr></table><p class="totop"><a href="#summary">back to summary</a></p><h3 id="m22">com.flightbooking.runners.TestRunner#runScenario</h3><table class="result"><tr class="param"><th>Parameter #1</th><th>Parameter #2</th></tr><tr class="param stripe"><td>&quot;Remember Me On This Computer Checkbox (TC-UI-LOGIN-006)&quot;</td><td>&quot;Login&quot;</td></tr><tr><th colspan="2">Exception</th></tr><tr><td colspan="2"><div class="stacktrace">java.lang.NoSuchMethodError: &apos;org.openqa.selenium.WebDriver$Timeouts org.openqa.selenium.WebDriver$Timeouts.implicitlyWait(java.time.Duration)&apos;
	at com.flightbooking.utils.WebDriverFactory.initilizeBrowser(WebDriverFactory.java:40)
	at com.flightbooking.hooks.Hooks.setup(Hooks.java:24)
</div></td></tr></table><p class="totop"><a href="#summary">back to summary</a></p><h3 id="m23">com.flightbooking.runners.TestRunner#runScenario</h3><table class="result"><tr class="param"><th>Parameter #1</th><th>Parameter #2</th></tr><tr class="param stripe"><td>&quot;Enter message longer than 500 characters&quot;</td><td>&quot;Enquiry Form Validations&quot;</td></tr><tr><th colspan="2">Exception</th></tr><tr><td colspan="2"><div class="stacktrace">java.lang.NoSuchMethodError: &apos;org.openqa.selenium.WebDriver$Timeouts org.openqa.selenium.WebDriver$Timeouts.implicitlyWait(java.time.Duration)&apos;
	at com.flightbooking.utils.WebDriverFactory.initilizeBrowser(WebDriverFactory.java:40)
	at com.flightbooking.hooks.Hooks.setup(Hooks.java:24)
</div></td></tr></table><p class="totop"><a href="#summary">back to summary</a></p><h3 id="m24">com.flightbooking.runners.TestRunner#runScenario</h3><table class="result"><tr class="param"><th>Parameter #1</th><th>Parameter #2</th></tr><tr class="param stripe"><td>&quot;Navigate to Forgot Password page (TC-UI-LOGIN-004)&quot;</td><td>&quot;Login&quot;</td></tr><tr><th colspan="2">Exception</th></tr><tr><td colspan="2"><div class="stacktrace">java.lang.NoSuchMethodError: &apos;org.openqa.selenium.WebDriver$Timeouts org.openqa.selenium.WebDriver$Timeouts.implicitlyWait(java.time.Duration)&apos;
	at com.flightbooking.utils.WebDriverFactory.initilizeBrowser(WebDriverFactory.java:40)
	at com.flightbooking.hooks.Hooks.setup(Hooks.java:24)
</div></td></tr></table><p class="totop"><a href="#summary">back to summary</a></p><h3 id="m25">com.flightbooking.runners.TestRunner#runScenario</h3><table class="result"><tr class="param"><th>Parameter #1</th><th>Parameter #2</th></tr><tr class="param stripe"><td>&quot;Enter invalid email format&quot;</td><td>&quot;Enquiry Form Validations&quot;</td></tr><tr><th colspan="2">Exception</th></tr><tr><td colspan="2"><div class="stacktrace">java.lang.NoSuchMethodError: &apos;org.openqa.selenium.WebDriver$Timeouts org.openqa.selenium.WebDriver$Timeouts.implicitlyWait(java.time.Duration)&apos;
	at com.flightbooking.utils.WebDriverFactory.initilizeBrowser(WebDriverFactory.java:40)
	at com.flightbooking.hooks.Hooks.setup(Hooks.java:24)
</div></td></tr></table><p class="totop"><a href="#summary">back to summary</a></p><h3 id="m26">com.flightbooking.runners.TestRunner#runScenario</h3><table class="result"><tr class="param"><th>Parameter #1</th><th>Parameter #2</th></tr><tr class="param stripe"><td>&quot;Submit form with all fields blank&quot;</td><td>&quot;Enquiry Form Validations&quot;</td></tr><tr><th colspan="2">Exception</th></tr><tr><td colspan="2"><div class="stacktrace">java.lang.NoSuchMethodError: &apos;org.openqa.selenium.WebDriver$Timeouts org.openqa.selenium.WebDriver$Timeouts.implicitlyWait(java.time.Duration)&apos;
	at com.flightbooking.utils.WebDriverFactory.initilizeBrowser(WebDriverFactory.java:40)
	at com.flightbooking.hooks.Hooks.setup(Hooks.java:24)
</div></td></tr></table><p class="totop"><a href="#summary">back to summary</a></p></body></html>