<?xml version="1.0" encoding="UTF-8"?>
<testng-results ignored="0" total="27" passed="0" failed="27" skipped="0">
  <reporter-output>
  </reporter-output>
  <suite started-at="2025-07-31T08:09:04Z" name="Default suite" finished-at="2025-07-31T08:09:19Z" duration-ms="15322">
    <groups>
      <group name="cucumber">
        <method signature="AbstractTestNGCucumberTests.runScenario(io.cucumber.testng.PickleWrapper, io.cucumber.testng.FeatureWrapper)[pri:0, instance:com.flightbooking.runners.TestRunner@5be1d0a4]" name="runScenario" class="io.cucumber.testng.AbstractTestNGCucumberTests"/>
      </group> <!-- cucumber -->
    </groups>
    <test started-at="2025-07-31T08:09:04Z" name="Default test" finished-at="2025-07-31T08:09:19Z" duration-ms="15322">
      <class name="com.flightbooking.runners.TestRunner">
        <test-method is-config="true" signature="setUpClass(org.testng.ITestContext)[pri:0, instance:com.flightbooking.runners.TestRunner@5be1d0a4]" started-at="2025-07-31T13:39:04Z" name="setUpClass" finished-at="2025-07-31T13:39:04Z" duration-ms="594" status="PASS">
          <params>
            <param index="0">
              <value>
                <![CDATA[org.testng.TestRunner@49bd54f7]]>
              </value>
            </param>
          </params>
          <reporter-output>
          </reporter-output>
        </test-method> <!-- setUpClass -->
        <test-method signature="runScenario(io.cucumber.testng.PickleWrapper, io.cucumber.testng.FeatureWrapper)[pri:0, instance:com.flightbooking.runners.TestRunner@5be1d0a4]" started-at="2025-07-31T13:39:04Z" name="runScenario" description="Runs Cucumber Scenarios" data-provider="scenarios" finished-at="2025-07-31T13:39:10Z" duration-ms="5559" status="FAIL">
          <params>
            <param index="0">
              <value>
                <![CDATA["Valid Travel From/To"]]>
              </value>
            </param>
            <param index="1">
              <value>
                <![CDATA["Flight Ticket Booking"]]>
              </value>
            </param>
          </params>
          <exception class="java.lang.NoSuchMethodError">
            <message>
              <![CDATA['org.openqa.selenium.WebDriver$Timeouts org.openqa.selenium.WebDriver$Timeouts.implicitlyWait(java.time.Duration)']]>
            </message>
            <full-stacktrace>
              <![CDATA[java.lang.NoSuchMethodError: 'org.openqa.selenium.WebDriver$Timeouts org.openqa.selenium.WebDriver$Timeouts.implicitlyWait(java.time.Duration)'
	at com.flightbooking.utils.WebDriverFactory.initilizeBrowser(WebDriverFactory.java:40)
	at com.flightbooking.hooks.Hooks.setup(Hooks.java:24)
]]>
            </full-stacktrace>
          </exception> <!-- java.lang.NoSuchMethodError -->
          <reporter-output>
          </reporter-output>
        </test-method> <!-- runScenario -->
        <test-method signature="runScenario(io.cucumber.testng.PickleWrapper, io.cucumber.testng.FeatureWrapper)[pri:0, instance:com.flightbooking.runners.TestRunner@5be1d0a4]" started-at="2025-07-31T13:39:04Z" name="runScenario" description="Runs Cucumber Scenarios" data-provider="scenarios" finished-at="2025-07-31T13:39:05Z" duration-ms="328" status="FAIL">
          <params>
            <param index="0">
              <value>
                <![CDATA["Valid Date"]]>
              </value>
            </param>
            <param index="1">
              <value>
                <![CDATA["Flight Ticket Booking"]]>
              </value>
            </param>
          </params>
          <exception class="java.lang.NullPointerException">
            <message>
              <![CDATA[Cannot invoke "String.toLowerCase()" because the return value of "java.util.Properties.getProperty(String)" is null]]>
            </message>
            <full-stacktrace>
              <![CDATA[java.lang.NullPointerException: Cannot invoke "String.toLowerCase()" because the return value of "java.util.Properties.getProperty(String)" is null
	at com.flightbooking.utils.WebDriverFactory.initilizeBrowser(WebDriverFactory.java:22)
	at com.flightbooking.hooks.Hooks.setup(Hooks.java:24)
]]>
            </full-stacktrace>
          </exception> <!-- java.lang.NullPointerException -->
          <reporter-output>
          </reporter-output>
        </test-method> <!-- runScenario -->
        <test-method signature="runScenario(io.cucumber.testng.PickleWrapper, io.cucumber.testng.FeatureWrapper)[pri:0, instance:com.flightbooking.runners.TestRunner@5be1d0a4]" started-at="2025-07-31T13:39:04Z" name="runScenario" description="Runs Cucumber Scenarios" data-provider="scenarios" finished-at="2025-07-31T13:39:12Z" duration-ms="7456" status="FAIL">
          <params>
            <param index="0">
              <value>
                <![CDATA["Invalid Date"]]>
              </value>
            </param>
            <param index="1">
              <value>
                <![CDATA["Flight Ticket Booking"]]>
              </value>
            </param>
          </params>
          <exception class="java.lang.NoSuchMethodError">
            <message>
              <![CDATA['org.openqa.selenium.WebDriver$Timeouts org.openqa.selenium.WebDriver$Timeouts.implicitlyWait(java.time.Duration)']]>
            </message>
            <full-stacktrace>
              <![CDATA[java.lang.NoSuchMethodError: 'org.openqa.selenium.WebDriver$Timeouts org.openqa.selenium.WebDriver$Timeouts.implicitlyWait(java.time.Duration)'
	at com.flightbooking.utils.WebDriverFactory.initilizeBrowser(WebDriverFactory.java:40)
	at com.flightbooking.hooks.Hooks.setup(Hooks.java:24)
]]>
            </full-stacktrace>
          </exception> <!-- java.lang.NoSuchMethodError -->
          <reporter-output>
          </reporter-output>
        </test-method> <!-- runScenario -->
        <test-method signature="runScenario(io.cucumber.testng.PickleWrapper, io.cucumber.testng.FeatureWrapper)[pri:0, instance:com.flightbooking.runners.TestRunner@5be1d0a4]" started-at="2025-07-31T13:39:04Z" name="runScenario" description="Runs Cucumber Scenarios" data-provider="scenarios" finished-at="2025-07-31T13:39:13Z" duration-ms="8277" status="FAIL">
          <params>
            <param index="0">
              <value>
                <![CDATA["Invalid Travel From/To"]]>
              </value>
            </param>
            <param index="1">
              <value>
                <![CDATA["Flight Ticket Booking"]]>
              </value>
            </param>
          </params>
          <exception class="java.lang.NoSuchMethodError">
            <message>
              <![CDATA['org.openqa.selenium.WebDriver$Timeouts org.openqa.selenium.WebDriver$Timeouts.implicitlyWait(java.time.Duration)']]>
            </message>
            <full-stacktrace>
              <![CDATA[java.lang.NoSuchMethodError: 'org.openqa.selenium.WebDriver$Timeouts org.openqa.selenium.WebDriver$Timeouts.implicitlyWait(java.time.Duration)'
	at com.flightbooking.utils.WebDriverFactory.initilizeBrowser(WebDriverFactory.java:40)
	at com.flightbooking.hooks.Hooks.setup(Hooks.java:24)
]]>
            </full-stacktrace>
          </exception> <!-- java.lang.NoSuchMethodError -->
          <reporter-output>
          </reporter-output>
        </test-method> <!-- runScenario -->
        <test-method signature="runScenario(io.cucumber.testng.PickleWrapper, io.cucumber.testng.FeatureWrapper)[pri:0, instance:com.flightbooking.runners.TestRunner@5be1d0a4]" started-at="2025-07-31T13:39:04Z" name="runScenario" description="Runs Cucumber Scenarios" data-provider="scenarios" finished-at="2025-07-31T13:39:12Z" duration-ms="7307" status="FAIL">
          <params>
            <param index="0">
              <value>
                <![CDATA["TC-UI-TICKET-006 - Invalid Email"]]>
              </value>
            </param>
            <param index="1">
              <value>
                <![CDATA["Flight Ticket Booking"]]>
              </value>
            </param>
          </params>
          <exception class="java.lang.NoSuchMethodError">
            <message>
              <![CDATA['org.openqa.selenium.WebDriver$Timeouts org.openqa.selenium.WebDriver$Timeouts.implicitlyWait(java.time.Duration)']]>
            </message>
            <full-stacktrace>
              <![CDATA[java.lang.NoSuchMethodError: 'org.openqa.selenium.WebDriver$Timeouts org.openqa.selenium.WebDriver$Timeouts.implicitlyWait(java.time.Duration)'
	at com.flightbooking.utils.WebDriverFactory.initilizeBrowser(WebDriverFactory.java:40)
	at com.flightbooking.hooks.Hooks.setup(Hooks.java:24)
]]>
            </full-stacktrace>
          </exception> <!-- java.lang.NoSuchMethodError -->
          <reporter-output>
          </reporter-output>
        </test-method> <!-- runScenario -->
        <test-method signature="runScenario(io.cucumber.testng.PickleWrapper, io.cucumber.testng.FeatureWrapper)[pri:0, instance:com.flightbooking.runners.TestRunner@5be1d0a4]" started-at="2025-07-31T13:39:04Z" name="runScenario" description="Runs Cucumber Scenarios" data-provider="scenarios" finished-at="2025-07-31T13:39:12Z" duration-ms="7308" status="FAIL">
          <params>
            <param index="0">
              <value>
                <![CDATA["Invalid Phone Number"]]>
              </value>
            </param>
            <param index="1">
              <value>
                <![CDATA["Flight Ticket Booking"]]>
              </value>
            </param>
          </params>
          <exception class="java.lang.NoSuchMethodError">
            <message>
              <![CDATA['org.openqa.selenium.WebDriver$Timeouts org.openqa.selenium.WebDriver$Timeouts.implicitlyWait(java.time.Duration)']]>
            </message>
            <full-stacktrace>
              <![CDATA[java.lang.NoSuchMethodError: 'org.openqa.selenium.WebDriver$Timeouts org.openqa.selenium.WebDriver$Timeouts.implicitlyWait(java.time.Duration)'
	at com.flightbooking.utils.WebDriverFactory.initilizeBrowser(WebDriverFactory.java:40)
	at com.flightbooking.hooks.Hooks.setup(Hooks.java:24)
]]>
            </full-stacktrace>
          </exception> <!-- java.lang.NoSuchMethodError -->
          <reporter-output>
          </reporter-output>
        </test-method> <!-- runScenario -->
        <test-method signature="runScenario(io.cucumber.testng.PickleWrapper, io.cucumber.testng.FeatureWrapper)[pri:0, instance:com.flightbooking.runners.TestRunner@5be1d0a4]" started-at="2025-07-31T13:39:04Z" name="runScenario" description="Runs Cucumber Scenarios" data-provider="scenarios" finished-at="2025-07-31T13:39:12Z" duration-ms="7307" status="FAIL">
          <params>
            <param index="0">
              <value>
                <![CDATA["Valid Email"]]>
              </value>
            </param>
            <param index="1">
              <value>
                <![CDATA["Flight Ticket Booking"]]>
              </value>
            </param>
          </params>
          <exception class="java.lang.NoSuchMethodError">
            <message>
              <![CDATA['org.openqa.selenium.WebDriver$Timeouts org.openqa.selenium.WebDriver$Timeouts.implicitlyWait(java.time.Duration)']]>
            </message>
            <full-stacktrace>
              <![CDATA[java.lang.NoSuchMethodError: 'org.openqa.selenium.WebDriver$Timeouts org.openqa.selenium.WebDriver$Timeouts.implicitlyWait(java.time.Duration)'
	at com.flightbooking.utils.WebDriverFactory.initilizeBrowser(WebDriverFactory.java:40)
	at com.flightbooking.hooks.Hooks.setup(Hooks.java:24)
]]>
            </full-stacktrace>
          </exception> <!-- java.lang.NoSuchMethodError -->
          <reporter-output>
          </reporter-output>
        </test-method> <!-- runScenario -->
        <test-method signature="runScenario(io.cucumber.testng.PickleWrapper, io.cucumber.testng.FeatureWrapper)[pri:0, instance:com.flightbooking.runners.TestRunner@5be1d0a4]" started-at="2025-07-31T13:39:04Z" name="runScenario" description="Runs Cucumber Scenarios" data-provider="scenarios" finished-at="2025-07-31T13:39:12Z" duration-ms="7250" status="FAIL">
          <params>
            <param index="0">
              <value>
                <![CDATA["TC-UI-TICKET-007 - Valid Phone Number"]]>
              </value>
            </param>
            <param index="1">
              <value>
                <![CDATA["Flight Ticket Booking"]]>
              </value>
            </param>
          </params>
          <exception class="java.lang.NoSuchMethodError">
            <message>
              <![CDATA['org.openqa.selenium.WebDriver$Timeouts org.openqa.selenium.WebDriver$Timeouts.implicitlyWait(java.time.Duration)']]>
            </message>
            <full-stacktrace>
              <![CDATA[java.lang.NoSuchMethodError: 'org.openqa.selenium.WebDriver$Timeouts org.openqa.selenium.WebDriver$Timeouts.implicitlyWait(java.time.Duration)'
	at com.flightbooking.utils.WebDriverFactory.initilizeBrowser(WebDriverFactory.java:40)
	at com.flightbooking.hooks.Hooks.setup(Hooks.java:24)
]]>
            </full-stacktrace>
          </exception> <!-- java.lang.NoSuchMethodError -->
          <reporter-output>
          </reporter-output>
        </test-method> <!-- runScenario -->
        <test-method signature="runScenario(io.cucumber.testng.PickleWrapper, io.cucumber.testng.FeatureWrapper)[pri:0, instance:com.flightbooking.runners.TestRunner@5be1d0a4]" started-at="2025-07-31T13:39:04Z" name="runScenario" description="Runs Cucumber Scenarios" data-provider="scenarios" finished-at="2025-07-31T13:39:05Z" duration-ms="327" status="FAIL">
          <params>
            <param index="0">
              <value>
                <![CDATA["Duplicate Booking Check"]]>
              </value>
            </param>
            <param index="1">
              <value>
                <![CDATA["Flight Ticket Booking"]]>
              </value>
            </param>
          </params>
          <exception class="java.lang.NullPointerException">
            <message>
              <![CDATA[Cannot invoke "String.toLowerCase()" because the return value of "java.util.Properties.getProperty(String)" is null]]>
            </message>
            <full-stacktrace>
              <![CDATA[java.lang.NullPointerException: Cannot invoke "String.toLowerCase()" because the return value of "java.util.Properties.getProperty(String)" is null
	at com.flightbooking.utils.WebDriverFactory.initilizeBrowser(WebDriverFactory.java:22)
	at com.flightbooking.hooks.Hooks.setup(Hooks.java:24)
]]>
            </full-stacktrace>
          </exception> <!-- java.lang.NullPointerException -->
          <reporter-output>
          </reporter-output>
        </test-method> <!-- runScenario -->
        <test-method signature="runScenario(io.cucumber.testng.PickleWrapper, io.cucumber.testng.FeatureWrapper)[pri:0, instance:com.flightbooking.runners.TestRunner@5be1d0a4]" started-at="2025-07-31T13:39:04Z" name="runScenario" description="Runs Cucumber Scenarios" data-provider="scenarios" finished-at="2025-07-31T13:39:08Z" duration-ms="3677" status="FAIL">
          <params>
            <param index="0">
              <value>
                <![CDATA["Submit form with all fields blank"]]>
              </value>
            </param>
            <param index="1">
              <value>
                <![CDATA["Enquiry Form Validations"]]>
              </value>
            </param>
          </params>
          <exception class="java.lang.NoSuchMethodError">
            <message>
              <![CDATA['org.openqa.selenium.WebDriver$Timeouts org.openqa.selenium.WebDriver$Timeouts.implicitlyWait(java.time.Duration)']]>
            </message>
            <full-stacktrace>
              <![CDATA[java.lang.NoSuchMethodError: 'org.openqa.selenium.WebDriver$Timeouts org.openqa.selenium.WebDriver$Timeouts.implicitlyWait(java.time.Duration)'
	at com.flightbooking.utils.WebDriverFactory.initilizeBrowser(WebDriverFactory.java:40)
	at com.flightbooking.hooks.Hooks.setup(Hooks.java:24)
]]>
            </full-stacktrace>
          </exception> <!-- java.lang.NoSuchMethodError -->
          <reporter-output>
          </reporter-output>
        </test-method> <!-- runScenario -->
        <test-method signature="runScenario(io.cucumber.testng.PickleWrapper, io.cucumber.testng.FeatureWrapper)[pri:0, instance:com.flightbooking.runners.TestRunner@5be1d0a4]" started-at="2025-07-31T13:39:05Z" name="runScenario" description="Runs Cucumber Scenarios" data-provider="scenarios" finished-at="2025-07-31T13:39:08Z" duration-ms="3258" status="FAIL">
          <params>
            <param index="0">
              <value>
                <![CDATA["Enter invalid email format"]]>
              </value>
            </param>
            <param index="1">
              <value>
                <![CDATA["Enquiry Form Validations"]]>
              </value>
            </param>
          </params>
          <exception class="java.lang.NoSuchMethodError">
            <message>
              <![CDATA['org.openqa.selenium.WebDriver$Timeouts org.openqa.selenium.WebDriver$Timeouts.implicitlyWait(java.time.Duration)']]>
            </message>
            <full-stacktrace>
              <![CDATA[java.lang.NoSuchMethodError: 'org.openqa.selenium.WebDriver$Timeouts org.openqa.selenium.WebDriver$Timeouts.implicitlyWait(java.time.Duration)'
	at com.flightbooking.utils.WebDriverFactory.initilizeBrowser(WebDriverFactory.java:40)
	at com.flightbooking.hooks.Hooks.setup(Hooks.java:24)
]]>
            </full-stacktrace>
          </exception> <!-- java.lang.NoSuchMethodError -->
          <reporter-output>
          </reporter-output>
        </test-method> <!-- runScenario -->
        <test-method signature="runScenario(io.cucumber.testng.PickleWrapper, io.cucumber.testng.FeatureWrapper)[pri:0, instance:com.flightbooking.runners.TestRunner@5be1d0a4]" started-at="2025-07-31T13:39:05Z" name="runScenario" description="Runs Cucumber Scenarios" data-provider="scenarios" finished-at="2025-07-31T13:39:10Z" duration-ms="5076" status="FAIL">
          <params>
            <param index="0">
              <value>
                <![CDATA["Enter special characters in Name"]]>
              </value>
            </param>
            <param index="1">
              <value>
                <![CDATA["Enquiry Form Validations"]]>
              </value>
            </param>
          </params>
          <exception class="java.lang.NoSuchMethodError">
            <message>
              <![CDATA['org.openqa.selenium.WebDriver$Timeouts org.openqa.selenium.WebDriver$Timeouts.implicitlyWait(java.time.Duration)']]>
            </message>
            <full-stacktrace>
              <![CDATA[java.lang.NoSuchMethodError: 'org.openqa.selenium.WebDriver$Timeouts org.openqa.selenium.WebDriver$Timeouts.implicitlyWait(java.time.Duration)'
	at com.flightbooking.utils.WebDriverFactory.initilizeBrowser(WebDriverFactory.java:40)
	at com.flightbooking.hooks.Hooks.setup(Hooks.java:24)
]]>
            </full-stacktrace>
          </exception> <!-- java.lang.NoSuchMethodError -->
          <reporter-output>
          </reporter-output>
        </test-method> <!-- runScenario -->
        <test-method signature="runScenario(io.cucumber.testng.PickleWrapper, io.cucumber.testng.FeatureWrapper)[pri:0, instance:com.flightbooking.runners.TestRunner@5be1d0a4]" started-at="2025-07-31T13:39:08Z" name="runScenario" description="Runs Cucumber Scenarios" data-provider="scenarios" finished-at="2025-07-31T13:39:13Z" duration-ms="4759" status="FAIL">
          <params>
            <param index="0">
              <value>
                <![CDATA["Enter message longer than 500 characters"]]>
              </value>
            </param>
            <param index="1">
              <value>
                <![CDATA["Enquiry Form Validations"]]>
              </value>
            </param>
          </params>
          <exception class="java.lang.NoSuchMethodError">
            <message>
              <![CDATA['org.openqa.selenium.WebDriver$Timeouts org.openqa.selenium.WebDriver$Timeouts.implicitlyWait(java.time.Duration)']]>
            </message>
            <full-stacktrace>
              <![CDATA[java.lang.NoSuchMethodError: 'org.openqa.selenium.WebDriver$Timeouts org.openqa.selenium.WebDriver$Timeouts.implicitlyWait(java.time.Duration)'
	at com.flightbooking.utils.WebDriverFactory.initilizeBrowser(WebDriverFactory.java:40)
	at com.flightbooking.hooks.Hooks.setup(Hooks.java:24)
]]>
            </full-stacktrace>
          </exception> <!-- java.lang.NoSuchMethodError -->
          <reporter-output>
          </reporter-output>
        </test-method> <!-- runScenario -->
        <test-method signature="runScenario(io.cucumber.testng.PickleWrapper, io.cucumber.testng.FeatureWrapper)[pri:0, instance:com.flightbooking.runners.TestRunner@5be1d0a4]" started-at="2025-07-31T13:39:08Z" name="runScenario" description="Runs Cucumber Scenarios" data-provider="scenarios" finished-at="2025-07-31T13:39:12Z" duration-ms="3568" status="FAIL">
          <params>
            <param index="0">
              <value>
                <![CDATA["Submit valid enquiry"]]>
              </value>
            </param>
            <param index="1">
              <value>
                <![CDATA["Enquiry Form Validations"]]>
              </value>
            </param>
          </params>
          <exception class="java.lang.NoSuchMethodError">
            <message>
              <![CDATA['org.openqa.selenium.WebDriver$Timeouts org.openqa.selenium.WebDriver$Timeouts.implicitlyWait(java.time.Duration)']]>
            </message>
            <full-stacktrace>
              <![CDATA[java.lang.NoSuchMethodError: 'org.openqa.selenium.WebDriver$Timeouts org.openqa.selenium.WebDriver$Timeouts.implicitlyWait(java.time.Duration)'
	at com.flightbooking.utils.WebDriverFactory.initilizeBrowser(WebDriverFactory.java:40)
	at com.flightbooking.hooks.Hooks.setup(Hooks.java:24)
]]>
            </full-stacktrace>
          </exception> <!-- java.lang.NoSuchMethodError -->
          <reporter-output>
          </reporter-output>
        </test-method> <!-- runScenario -->
        <test-method signature="runScenario(io.cucumber.testng.PickleWrapper, io.cucumber.testng.FeatureWrapper)[pri:0, instance:com.flightbooking.runners.TestRunner@5be1d0a4]" started-at="2025-07-31T13:39:10Z" name="runScenario" description="Runs Cucumber Scenarios" data-provider="scenarios" finished-at="2025-07-31T13:39:13Z" duration-ms="3124" status="FAIL">
          <params>
            <param index="0">
              <value>
                <![CDATA["Submit form with invalid phone number"]]>
              </value>
            </param>
            <param index="1">
              <value>
                <![CDATA["Enquiry Form Validations"]]>
              </value>
            </param>
          </params>
          <exception class="java.lang.NoSuchMethodError">
            <message>
              <![CDATA['org.openqa.selenium.WebDriver$Timeouts org.openqa.selenium.WebDriver$Timeouts.implicitlyWait(java.time.Duration)']]>
            </message>
            <full-stacktrace>
              <![CDATA[java.lang.NoSuchMethodError: 'org.openqa.selenium.WebDriver$Timeouts org.openqa.selenium.WebDriver$Timeouts.implicitlyWait(java.time.Duration)'
	at com.flightbooking.utils.WebDriverFactory.initilizeBrowser(WebDriverFactory.java:40)
	at com.flightbooking.hooks.Hooks.setup(Hooks.java:24)
]]>
            </full-stacktrace>
          </exception> <!-- java.lang.NoSuchMethodError -->
          <reporter-output>
          </reporter-output>
        </test-method> <!-- runScenario -->
        <test-method signature="runScenario(io.cucumber.testng.PickleWrapper, io.cucumber.testng.FeatureWrapper)[pri:0, instance:com.flightbooking.runners.TestRunner@5be1d0a4]" started-at="2025-07-31T13:39:10Z" name="runScenario" description="Runs Cucumber Scenarios" data-provider="scenarios" finished-at="2025-07-31T13:39:13Z" duration-ms="3155" status="FAIL">
          <params>
            <param index="0">
              <value>
                <![CDATA["Valid Flight Number"]]>
              </value>
            </param>
            <param index="1">
              <value>
                <![CDATA["Flight Search Functionality"]]>
              </value>
            </param>
          </params>
          <exception class="java.lang.NoSuchMethodError">
            <message>
              <![CDATA['org.openqa.selenium.WebDriver$Timeouts org.openqa.selenium.WebDriver$Timeouts.implicitlyWait(java.time.Duration)']]>
            </message>
            <full-stacktrace>
              <![CDATA[java.lang.NoSuchMethodError: 'org.openqa.selenium.WebDriver$Timeouts org.openqa.selenium.WebDriver$Timeouts.implicitlyWait(java.time.Duration)'
	at com.flightbooking.utils.WebDriverFactory.initilizeBrowser(WebDriverFactory.java:40)
	at com.flightbooking.hooks.Hooks.setup(Hooks.java:24)
]]>
            </full-stacktrace>
          </exception> <!-- java.lang.NoSuchMethodError -->
          <reporter-output>
          </reporter-output>
        </test-method> <!-- runScenario -->
        <test-method signature="runScenario(io.cucumber.testng.PickleWrapper, io.cucumber.testng.FeatureWrapper)[pri:0, instance:com.flightbooking.runners.TestRunner@5be1d0a4]" started-at="2025-07-31T13:39:12Z" name="runScenario" description="Runs Cucumber Scenarios" data-provider="scenarios" finished-at="2025-07-31T13:39:15Z" duration-ms="3875" status="FAIL">
          <params>
            <param index="0">
              <value>
                <![CDATA["Invalid Flight Number"]]>
              </value>
            </param>
            <param index="1">
              <value>
                <![CDATA["Flight Search Functionality"]]>
              </value>
            </param>
          </params>
          <exception class="java.lang.NoSuchMethodError">
            <message>
              <![CDATA['org.openqa.selenium.WebDriver$Timeouts org.openqa.selenium.WebDriver$Timeouts.implicitlyWait(java.time.Duration)']]>
            </message>
            <full-stacktrace>
              <![CDATA[java.lang.NoSuchMethodError: 'org.openqa.selenium.WebDriver$Timeouts org.openqa.selenium.WebDriver$Timeouts.implicitlyWait(java.time.Duration)'
	at com.flightbooking.utils.WebDriverFactory.initilizeBrowser(WebDriverFactory.java:40)
	at com.flightbooking.hooks.Hooks.setup(Hooks.java:24)
]]>
            </full-stacktrace>
          </exception> <!-- java.lang.NoSuchMethodError -->
          <reporter-output>
          </reporter-output>
        </test-method> <!-- runScenario -->
        <test-method signature="runScenario(io.cucumber.testng.PickleWrapper, io.cucumber.testng.FeatureWrapper)[pri:0, instance:com.flightbooking.runners.TestRunner@5be1d0a4]" started-at="2025-07-31T13:39:12Z" name="runScenario" description="Runs Cucumber Scenarios" data-provider="scenarios" finished-at="2025-07-31T13:39:15Z" duration-ms="3792" status="FAIL">
          <params>
            <param index="0">
              <value>
                <![CDATA["Valid Flight Name"]]>
              </value>
            </param>
            <param index="1">
              <value>
                <![CDATA["Flight Search Functionality"]]>
              </value>
            </param>
          </params>
          <exception class="java.lang.NoSuchMethodError">
            <message>
              <![CDATA['org.openqa.selenium.WebDriver$Timeouts org.openqa.selenium.WebDriver$Timeouts.implicitlyWait(java.time.Duration)']]>
            </message>
            <full-stacktrace>
              <![CDATA[java.lang.NoSuchMethodError: 'org.openqa.selenium.WebDriver$Timeouts org.openqa.selenium.WebDriver$Timeouts.implicitlyWait(java.time.Duration)'
	at com.flightbooking.utils.WebDriverFactory.initilizeBrowser(WebDriverFactory.java:40)
	at com.flightbooking.hooks.Hooks.setup(Hooks.java:24)
]]>
            </full-stacktrace>
          </exception> <!-- java.lang.NoSuchMethodError -->
          <reporter-output>
          </reporter-output>
        </test-method> <!-- runScenario -->
        <test-method signature="runScenario(io.cucumber.testng.PickleWrapper, io.cucumber.testng.FeatureWrapper)[pri:0, instance:com.flightbooking.runners.TestRunner@5be1d0a4]" started-at="2025-07-31T13:39:12Z" name="runScenario" description="Runs Cucumber Scenarios" data-provider="scenarios" finished-at="2025-07-31T13:39:15Z" duration-ms="3335" status="FAIL">
          <params>
            <param index="0">
              <value>
                <![CDATA["Invalid Flight Name"]]>
              </value>
            </param>
            <param index="1">
              <value>
                <![CDATA["Flight Search Functionality"]]>
              </value>
            </param>
          </params>
          <exception class="java.lang.NoSuchMethodError">
            <message>
              <![CDATA['org.openqa.selenium.WebDriver$Timeouts org.openqa.selenium.WebDriver$Timeouts.implicitlyWait(java.time.Duration)']]>
            </message>
            <full-stacktrace>
              <![CDATA[java.lang.NoSuchMethodError: 'org.openqa.selenium.WebDriver$Timeouts org.openqa.selenium.WebDriver$Timeouts.implicitlyWait(java.time.Duration)'
	at com.flightbooking.utils.WebDriverFactory.initilizeBrowser(WebDriverFactory.java:40)
	at com.flightbooking.hooks.Hooks.setup(Hooks.java:24)
]]>
            </full-stacktrace>
          </exception> <!-- java.lang.NoSuchMethodError -->
          <reporter-output>
          </reporter-output>
        </test-method> <!-- runScenario -->
        <test-method signature="runScenario(io.cucumber.testng.PickleWrapper, io.cucumber.testng.FeatureWrapper)[pri:0, instance:com.flightbooking.runners.TestRunner@5be1d0a4]" started-at="2025-07-31T13:39:12Z" name="runScenario" description="Runs Cucumber Scenarios" data-provider="scenarios" finished-at="2025-07-31T13:39:15Z" duration-ms="3416" status="FAIL">
          <params>
            <param index="0">
              <value>
                <![CDATA["Valid Flight Type"]]>
              </value>
            </param>
            <param index="1">
              <value>
                <![CDATA["Flight Search Functionality"]]>
              </value>
            </param>
          </params>
          <exception class="java.lang.NoSuchMethodError">
            <message>
              <![CDATA['org.openqa.selenium.WebDriver$Timeouts org.openqa.selenium.WebDriver$Timeouts.implicitlyWait(java.time.Duration)']]>
            </message>
            <full-stacktrace>
              <![CDATA[java.lang.NoSuchMethodError: 'org.openqa.selenium.WebDriver$Timeouts org.openqa.selenium.WebDriver$Timeouts.implicitlyWait(java.time.Duration)'
	at com.flightbooking.utils.WebDriverFactory.initilizeBrowser(WebDriverFactory.java:40)
	at com.flightbooking.hooks.Hooks.setup(Hooks.java:24)
]]>
            </full-stacktrace>
          </exception> <!-- java.lang.NoSuchMethodError -->
          <reporter-output>
          </reporter-output>
        </test-method> <!-- runScenario -->
        <test-method signature="runScenario(io.cucumber.testng.PickleWrapper, io.cucumber.testng.FeatureWrapper)[pri:0, instance:com.flightbooking.runners.TestRunner@5be1d0a4]" started-at="2025-07-31T13:39:12Z" name="runScenario" description="Runs Cucumber Scenarios" data-provider="scenarios" finished-at="2025-07-31T13:39:18Z" duration-ms="6159" status="FAIL">
          <params>
            <param index="0">
              <value>
                <![CDATA["Invalid Flight Type"]]>
              </value>
            </param>
            <param index="1">
              <value>
                <![CDATA["Flight Search Functionality"]]>
              </value>
            </param>
          </params>
          <exception class="java.lang.NoSuchMethodError">
            <message>
              <![CDATA['org.openqa.selenium.WebDriver$Timeouts org.openqa.selenium.WebDriver$Timeouts.implicitlyWait(java.time.Duration)']]>
            </message>
            <full-stacktrace>
              <![CDATA[java.lang.NoSuchMethodError: 'org.openqa.selenium.WebDriver$Timeouts org.openqa.selenium.WebDriver$Timeouts.implicitlyWait(java.time.Duration)'
	at com.flightbooking.utils.WebDriverFactory.initilizeBrowser(WebDriverFactory.java:40)
	at com.flightbooking.hooks.Hooks.setup(Hooks.java:24)
]]>
            </full-stacktrace>
          </exception> <!-- java.lang.NoSuchMethodError -->
          <reporter-output>
          </reporter-output>
        </test-method> <!-- runScenario -->
        <test-method signature="runScenario(io.cucumber.testng.PickleWrapper, io.cucumber.testng.FeatureWrapper)[pri:0, instance:com.flightbooking.runners.TestRunner@5be1d0a4]" started-at="2025-07-31T13:39:12Z" name="runScenario" description="Runs Cucumber Scenarios" data-provider="scenarios" finished-at="2025-07-31T13:39:18Z" duration-ms="5880" status="FAIL">
          <params>
            <param index="0">
              <value>
                <![CDATA["Successful Login with Valid Credentials (TC-UI-LOGIN-001)"]]>
              </value>
            </param>
            <param index="1">
              <value>
                <![CDATA["Login"]]>
              </value>
            </param>
          </params>
          <exception class="java.lang.NoSuchMethodError">
            <message>
              <![CDATA['org.openqa.selenium.WebDriver$Timeouts org.openqa.selenium.WebDriver$Timeouts.implicitlyWait(java.time.Duration)']]>
            </message>
            <full-stacktrace>
              <![CDATA[java.lang.NoSuchMethodError: 'org.openqa.selenium.WebDriver$Timeouts org.openqa.selenium.WebDriver$Timeouts.implicitlyWait(java.time.Duration)'
	at com.flightbooking.utils.WebDriverFactory.initilizeBrowser(WebDriverFactory.java:40)
	at com.flightbooking.hooks.Hooks.setup(Hooks.java:24)
]]>
            </full-stacktrace>
          </exception> <!-- java.lang.NoSuchMethodError -->
          <reporter-output>
          </reporter-output>
        </test-method> <!-- runScenario -->
        <test-method signature="runScenario(io.cucumber.testng.PickleWrapper, io.cucumber.testng.FeatureWrapper)[pri:0, instance:com.flightbooking.runners.TestRunner@5be1d0a4]" started-at="2025-07-31T13:39:13Z" name="runScenario" description="Runs Cucumber Scenarios" data-provider="scenarios" finished-at="2025-07-31T13:39:19Z" duration-ms="6365" status="FAIL">
          <params>
            <param index="0">
              <value>
                <![CDATA["Unsuccessful Login with Invalid Username (TC-UI-LOGIN-002)"]]>
              </value>
            </param>
            <param index="1">
              <value>
                <![CDATA["Login"]]>
              </value>
            </param>
          </params>
          <exception class="java.lang.NoSuchMethodError">
            <message>
              <![CDATA['org.openqa.selenium.WebDriver$Timeouts org.openqa.selenium.WebDriver$Timeouts.implicitlyWait(java.time.Duration)']]>
            </message>
            <full-stacktrace>
              <![CDATA[java.lang.NoSuchMethodError: 'org.openqa.selenium.WebDriver$Timeouts org.openqa.selenium.WebDriver$Timeouts.implicitlyWait(java.time.Duration)'
	at com.flightbooking.utils.WebDriverFactory.initilizeBrowser(WebDriverFactory.java:40)
	at com.flightbooking.hooks.Hooks.setup(Hooks.java:24)
]]>
            </full-stacktrace>
          </exception> <!-- java.lang.NoSuchMethodError -->
          <reporter-output>
          </reporter-output>
        </test-method> <!-- runScenario -->
        <test-method signature="runScenario(io.cucumber.testng.PickleWrapper, io.cucumber.testng.FeatureWrapper)[pri:0, instance:com.flightbooking.runners.TestRunner@5be1d0a4]" started-at="2025-07-31T13:39:13Z" name="runScenario" description="Runs Cucumber Scenarios" data-provider="scenarios" finished-at="2025-07-31T13:39:19Z" duration-ms="6299" status="FAIL">
          <params>
            <param index="0">
              <value>
                <![CDATA["Unsuccessful Login with Invalid Password (TC-UI-LOGIN-003)"]]>
              </value>
            </param>
            <param index="1">
              <value>
                <![CDATA["Login"]]>
              </value>
            </param>
          </params>
          <exception class="java.lang.NoSuchMethodError">
            <message>
              <![CDATA['org.openqa.selenium.WebDriver$Timeouts org.openqa.selenium.WebDriver$Timeouts.implicitlyWait(java.time.Duration)']]>
            </message>
            <full-stacktrace>
              <![CDATA[java.lang.NoSuchMethodError: 'org.openqa.selenium.WebDriver$Timeouts org.openqa.selenium.WebDriver$Timeouts.implicitlyWait(java.time.Duration)'
	at com.flightbooking.utils.WebDriverFactory.initilizeBrowser(WebDriverFactory.java:40)
	at com.flightbooking.hooks.Hooks.setup(Hooks.java:24)
]]>
            </full-stacktrace>
          </exception> <!-- java.lang.NoSuchMethodError -->
          <reporter-output>
          </reporter-output>
        </test-method> <!-- runScenario -->
        <test-method signature="runScenario(io.cucumber.testng.PickleWrapper, io.cucumber.testng.FeatureWrapper)[pri:0, instance:com.flightbooking.runners.TestRunner@5be1d0a4]" started-at="2025-07-31T13:39:13Z" name="runScenario" description="Runs Cucumber Scenarios" data-provider="scenarios" finished-at="2025-07-31T13:39:19Z" duration-ms="6113" status="FAIL">
          <params>
            <param index="0">
              <value>
                <![CDATA["Navigate to Forgot Password page (TC-UI-LOGIN-004)"]]>
              </value>
            </param>
            <param index="1">
              <value>
                <![CDATA["Login"]]>
              </value>
            </param>
          </params>
          <exception class="java.lang.NoSuchMethodError">
            <message>
              <![CDATA['org.openqa.selenium.WebDriver$Timeouts org.openqa.selenium.WebDriver$Timeouts.implicitlyWait(java.time.Duration)']]>
            </message>
            <full-stacktrace>
              <![CDATA[java.lang.NoSuchMethodError: 'org.openqa.selenium.WebDriver$Timeouts org.openqa.selenium.WebDriver$Timeouts.implicitlyWait(java.time.Duration)'
	at com.flightbooking.utils.WebDriverFactory.initilizeBrowser(WebDriverFactory.java:40)
	at com.flightbooking.hooks.Hooks.setup(Hooks.java:24)
]]>
            </full-stacktrace>
          </exception> <!-- java.lang.NoSuchMethodError -->
          <reporter-output>
          </reporter-output>
        </test-method> <!-- runScenario -->
        <test-method signature="runScenario(io.cucumber.testng.PickleWrapper, io.cucumber.testng.FeatureWrapper)[pri:0, instance:com.flightbooking.runners.TestRunner@5be1d0a4]" started-at="2025-07-31T13:39:13Z" name="runScenario" description="Runs Cucumber Scenarios" data-provider="scenarios" finished-at="2025-07-31T13:39:17Z" duration-ms="4459" status="FAIL">
          <params>
            <param index="0">
              <value>
                <![CDATA["Invalid Captcha (TC-UI-LOGIN-005)"]]>
              </value>
            </param>
            <param index="1">
              <value>
                <![CDATA["Login"]]>
              </value>
            </param>
          </params>
          <exception class="java.lang.NoSuchMethodError">
            <message>
              <![CDATA['org.openqa.selenium.WebDriver$Timeouts org.openqa.selenium.WebDriver$Timeouts.implicitlyWait(java.time.Duration)']]>
            </message>
            <full-stacktrace>
              <![CDATA[java.lang.NoSuchMethodError: 'org.openqa.selenium.WebDriver$Timeouts org.openqa.selenium.WebDriver$Timeouts.implicitlyWait(java.time.Duration)'
	at com.flightbooking.utils.WebDriverFactory.initilizeBrowser(WebDriverFactory.java:40)
	at com.flightbooking.hooks.Hooks.setup(Hooks.java:24)
]]>
            </full-stacktrace>
          </exception> <!-- java.lang.NoSuchMethodError -->
          <reporter-output>
          </reporter-output>
        </test-method> <!-- runScenario -->
        <test-method signature="runScenario(io.cucumber.testng.PickleWrapper, io.cucumber.testng.FeatureWrapper)[pri:0, instance:com.flightbooking.runners.TestRunner@5be1d0a4]" started-at="2025-07-31T13:39:15Z" name="runScenario" description="Runs Cucumber Scenarios" data-provider="scenarios" finished-at="2025-07-31T13:39:19Z" duration-ms="3996" status="FAIL">
          <params>
            <param index="0">
              <value>
                <![CDATA["Remember Me On This Computer Checkbox (TC-UI-LOGIN-006)"]]>
              </value>
            </param>
            <param index="1">
              <value>
                <![CDATA["Login"]]>
              </value>
            </param>
          </params>
          <exception class="java.lang.NoSuchMethodError">
            <message>
              <![CDATA['org.openqa.selenium.WebDriver$Timeouts org.openqa.selenium.WebDriver$Timeouts.implicitlyWait(java.time.Duration)']]>
            </message>
            <full-stacktrace>
              <![CDATA[java.lang.NoSuchMethodError: 'org.openqa.selenium.WebDriver$Timeouts org.openqa.selenium.WebDriver$Timeouts.implicitlyWait(java.time.Duration)'
	at com.flightbooking.utils.WebDriverFactory.initilizeBrowser(WebDriverFactory.java:40)
	at com.flightbooking.hooks.Hooks.setup(Hooks.java:24)
]]>
            </full-stacktrace>
          </exception> <!-- java.lang.NoSuchMethodError -->
          <reporter-output>
          </reporter-output>
        </test-method> <!-- runScenario -->
        <test-method is-config="true" signature="tearDownClass()[pri:0, instance:com.flightbooking.runners.TestRunner@5be1d0a4]" started-at="2025-07-31T13:39:19Z" name="tearDownClass" finished-at="2025-07-31T13:39:19Z" duration-ms="44" status="PASS">
          <reporter-output>
          </reporter-output>
        </test-method> <!-- tearDownClass -->
      </class> <!-- com.flightbooking.runners.TestRunner -->
    </test> <!-- Default test -->
  </suite> <!-- Default suite -->
</testng-results>
