<?xml version="1.0" encoding="UTF-8"?>
<!-- Generated by org.testng.reporters.JUnitReportReporter -->
<testsuite hostname="NEETI" failures="0" tests="27" name="com.flightbooking.runners.TestRunner" time="131.425" errors="27" timestamp="31 Jul 2025 08:09:19 GMT" skipped="0">
  <testcase classname="com.flightbooking.runners.TestRunner" name="runScenario" time="3.416">
    <error message="&#039;org.openqa.selenium.WebDriver$Timeouts org.openqa.selenium.WebDriver$Timeouts.implicitlyWait(java.time.Duration)&#039;" type="java.lang.NoSuchMethodError">
      <![CDATA[java.lang.NoSuchMethodError: 'org.openqa.selenium.WebDriver$Timeouts org.openqa.selenium.WebDriver$Timeouts.implicitlyWait(java.time.Duration)'
	at com.flightbooking.utils.WebDriverFactory.initilizeBrowser(WebDriverFactory.java:40)
	at com.flightbooking.hooks.Hooks.setup(Hooks.java:24)
]]>
    </error>
  </testcase> <!-- runScenario -->
  <testcase classname="com.flightbooking.runners.TestRunner" name="runScenario" time="3.124">
    <error message="&#039;org.openqa.selenium.WebDriver$Timeouts org.openqa.selenium.WebDriver$Timeouts.implicitlyWait(java.time.Duration)&#039;" type="java.lang.NoSuchMethodError">
      <![CDATA[java.lang.NoSuchMethodError: 'org.openqa.selenium.WebDriver$Timeouts org.openqa.selenium.WebDriver$Timeouts.implicitlyWait(java.time.Duration)'
	at com.flightbooking.utils.WebDriverFactory.initilizeBrowser(WebDriverFactory.java:40)
	at com.flightbooking.hooks.Hooks.setup(Hooks.java:24)
]]>
    </error>
  </testcase> <!-- runScenario -->
  <testcase classname="com.flightbooking.runners.TestRunner" name="runScenario" time="7.456">
    <error message="&#039;org.openqa.selenium.WebDriver$Timeouts org.openqa.selenium.WebDriver$Timeouts.implicitlyWait(java.time.Duration)&#039;" type="java.lang.NoSuchMethodError">
      <![CDATA[java.lang.NoSuchMethodError: 'org.openqa.selenium.WebDriver$Timeouts org.openqa.selenium.WebDriver$Timeouts.implicitlyWait(java.time.Duration)'
	at com.flightbooking.utils.WebDriverFactory.initilizeBrowser(WebDriverFactory.java:40)
	at com.flightbooking.hooks.Hooks.setup(Hooks.java:24)
]]>
    </error>
  </testcase> <!-- runScenario -->
  <testcase classname="com.flightbooking.runners.TestRunner" name="runScenario" time="8.277">
    <error message="&#039;org.openqa.selenium.WebDriver$Timeouts org.openqa.selenium.WebDriver$Timeouts.implicitlyWait(java.time.Duration)&#039;" type="java.lang.NoSuchMethodError">
      <![CDATA[java.lang.NoSuchMethodError: 'org.openqa.selenium.WebDriver$Timeouts org.openqa.selenium.WebDriver$Timeouts.implicitlyWait(java.time.Duration)'
	at com.flightbooking.utils.WebDriverFactory.initilizeBrowser(WebDriverFactory.java:40)
	at com.flightbooking.hooks.Hooks.setup(Hooks.java:24)
]]>
    </error>
  </testcase> <!-- runScenario -->
  <testcase classname="com.flightbooking.runners.TestRunner" name="runScenario" time="3.875">
    <error message="&#039;org.openqa.selenium.WebDriver$Timeouts org.openqa.selenium.WebDriver$Timeouts.implicitlyWait(java.time.Duration)&#039;" type="java.lang.NoSuchMethodError">
      <![CDATA[java.lang.NoSuchMethodError: 'org.openqa.selenium.WebDriver$Timeouts org.openqa.selenium.WebDriver$Timeouts.implicitlyWait(java.time.Duration)'
	at com.flightbooking.utils.WebDriverFactory.initilizeBrowser(WebDriverFactory.java:40)
	at com.flightbooking.hooks.Hooks.setup(Hooks.java:24)
]]>
    </error>
  </testcase> <!-- runScenario -->
  <testcase classname="com.flightbooking.runners.TestRunner" name="runScenario" time="6.365">
    <error message="&#039;org.openqa.selenium.WebDriver$Timeouts org.openqa.selenium.WebDriver$Timeouts.implicitlyWait(java.time.Duration)&#039;" type="java.lang.NoSuchMethodError">
      <![CDATA[java.lang.NoSuchMethodError: 'org.openqa.selenium.WebDriver$Timeouts org.openqa.selenium.WebDriver$Timeouts.implicitlyWait(java.time.Duration)'
	at com.flightbooking.utils.WebDriverFactory.initilizeBrowser(WebDriverFactory.java:40)
	at com.flightbooking.hooks.Hooks.setup(Hooks.java:24)
]]>
    </error>
  </testcase> <!-- runScenario -->
  <testcase classname="com.flightbooking.runners.TestRunner" name="runScenario" time="3.155">
    <error message="&#039;org.openqa.selenium.WebDriver$Timeouts org.openqa.selenium.WebDriver$Timeouts.implicitlyWait(java.time.Duration)&#039;" type="java.lang.NoSuchMethodError">
      <![CDATA[java.lang.NoSuchMethodError: 'org.openqa.selenium.WebDriver$Timeouts org.openqa.selenium.WebDriver$Timeouts.implicitlyWait(java.time.Duration)'
	at com.flightbooking.utils.WebDriverFactory.initilizeBrowser(WebDriverFactory.java:40)
	at com.flightbooking.hooks.Hooks.setup(Hooks.java:24)
]]>
    </error>
  </testcase> <!-- runScenario -->
  <testcase classname="com.flightbooking.runners.TestRunner" name="runScenario" time="3.335">
    <error message="&#039;org.openqa.selenium.WebDriver$Timeouts org.openqa.selenium.WebDriver$Timeouts.implicitlyWait(java.time.Duration)&#039;" type="java.lang.NoSuchMethodError">
      <![CDATA[java.lang.NoSuchMethodError: 'org.openqa.selenium.WebDriver$Timeouts org.openqa.selenium.WebDriver$Timeouts.implicitlyWait(java.time.Duration)'
	at com.flightbooking.utils.WebDriverFactory.initilizeBrowser(WebDriverFactory.java:40)
	at com.flightbooking.hooks.Hooks.setup(Hooks.java:24)
]]>
    </error>
  </testcase> <!-- runScenario -->
  <testcase classname="com.flightbooking.runners.TestRunner" name="runScenario" time="7.307">
    <error message="&#039;org.openqa.selenium.WebDriver$Timeouts org.openqa.selenium.WebDriver$Timeouts.implicitlyWait(java.time.Duration)&#039;" type="java.lang.NoSuchMethodError">
      <![CDATA[java.lang.NoSuchMethodError: 'org.openqa.selenium.WebDriver$Timeouts org.openqa.selenium.WebDriver$Timeouts.implicitlyWait(java.time.Duration)'
	at com.flightbooking.utils.WebDriverFactory.initilizeBrowser(WebDriverFactory.java:40)
	at com.flightbooking.hooks.Hooks.setup(Hooks.java:24)
]]>
    </error>
  </testcase> <!-- runScenario -->
  <testcase classname="com.flightbooking.runners.TestRunner" name="runScenario" time="5.880">
    <error message="&#039;org.openqa.selenium.WebDriver$Timeouts org.openqa.selenium.WebDriver$Timeouts.implicitlyWait(java.time.Duration)&#039;" type="java.lang.NoSuchMethodError">
      <![CDATA[java.lang.NoSuchMethodError: 'org.openqa.selenium.WebDriver$Timeouts org.openqa.selenium.WebDriver$Timeouts.implicitlyWait(java.time.Duration)'
	at com.flightbooking.utils.WebDriverFactory.initilizeBrowser(WebDriverFactory.java:40)
	at com.flightbooking.hooks.Hooks.setup(Hooks.java:24)
]]>
    </error>
  </testcase> <!-- runScenario -->
  <testcase classname="com.flightbooking.runners.TestRunner" name="runScenario" time="5.076">
    <error message="&#039;org.openqa.selenium.WebDriver$Timeouts org.openqa.selenium.WebDriver$Timeouts.implicitlyWait(java.time.Duration)&#039;" type="java.lang.NoSuchMethodError">
      <![CDATA[java.lang.NoSuchMethodError: 'org.openqa.selenium.WebDriver$Timeouts org.openqa.selenium.WebDriver$Timeouts.implicitlyWait(java.time.Duration)'
	at com.flightbooking.utils.WebDriverFactory.initilizeBrowser(WebDriverFactory.java:40)
	at com.flightbooking.hooks.Hooks.setup(Hooks.java:24)
]]>
    </error>
  </testcase> <!-- runScenario -->
  <testcase classname="com.flightbooking.runners.TestRunner" name="runScenario" time="5.559">
    <error message="&#039;org.openqa.selenium.WebDriver$Timeouts org.openqa.selenium.WebDriver$Timeouts.implicitlyWait(java.time.Duration)&#039;" type="java.lang.NoSuchMethodError">
      <![CDATA[java.lang.NoSuchMethodError: 'org.openqa.selenium.WebDriver$Timeouts org.openqa.selenium.WebDriver$Timeouts.implicitlyWait(java.time.Duration)'
	at com.flightbooking.utils.WebDriverFactory.initilizeBrowser(WebDriverFactory.java:40)
	at com.flightbooking.hooks.Hooks.setup(Hooks.java:24)
]]>
    </error>
  </testcase> <!-- runScenario -->
  <testcase classname="com.flightbooking.runners.TestRunner" name="runScenario" time="4.459">
    <error message="&#039;org.openqa.selenium.WebDriver$Timeouts org.openqa.selenium.WebDriver$Timeouts.implicitlyWait(java.time.Duration)&#039;" type="java.lang.NoSuchMethodError">
      <![CDATA[java.lang.NoSuchMethodError: 'org.openqa.selenium.WebDriver$Timeouts org.openqa.selenium.WebDriver$Timeouts.implicitlyWait(java.time.Duration)'
	at com.flightbooking.utils.WebDriverFactory.initilizeBrowser(WebDriverFactory.java:40)
	at com.flightbooking.hooks.Hooks.setup(Hooks.java:24)
]]>
    </error>
  </testcase> <!-- runScenario -->
  <testcase classname="com.flightbooking.runners.TestRunner" name="runScenario" time="0.328">
    <error message="Cannot invoke &quot;String.toLowerCase()&quot; because the return value of &quot;java.util.Properties.getProperty(String)&quot; is null" type="java.lang.NullPointerException">
      <![CDATA[java.lang.NullPointerException: Cannot invoke "String.toLowerCase()" because the return value of "java.util.Properties.getProperty(String)" is null
	at com.flightbooking.utils.WebDriverFactory.initilizeBrowser(WebDriverFactory.java:22)
	at com.flightbooking.hooks.Hooks.setup(Hooks.java:24)
]]>
    </error>
  </testcase> <!-- runScenario -->
  <testcase classname="com.flightbooking.runners.TestRunner" name="runScenario" time="7.308">
    <error message="&#039;org.openqa.selenium.WebDriver$Timeouts org.openqa.selenium.WebDriver$Timeouts.implicitlyWait(java.time.Duration)&#039;" type="java.lang.NoSuchMethodError">
      <![CDATA[java.lang.NoSuchMethodError: 'org.openqa.selenium.WebDriver$Timeouts org.openqa.selenium.WebDriver$Timeouts.implicitlyWait(java.time.Duration)'
	at com.flightbooking.utils.WebDriverFactory.initilizeBrowser(WebDriverFactory.java:40)
	at com.flightbooking.hooks.Hooks.setup(Hooks.java:24)
]]>
    </error>
  </testcase> <!-- runScenario -->
  <testcase classname="com.flightbooking.runners.TestRunner" name="runScenario" time="3.568">
    <error message="&#039;org.openqa.selenium.WebDriver$Timeouts org.openqa.selenium.WebDriver$Timeouts.implicitlyWait(java.time.Duration)&#039;" type="java.lang.NoSuchMethodError">
      <![CDATA[java.lang.NoSuchMethodError: 'org.openqa.selenium.WebDriver$Timeouts org.openqa.selenium.WebDriver$Timeouts.implicitlyWait(java.time.Duration)'
	at com.flightbooking.utils.WebDriverFactory.initilizeBrowser(WebDriverFactory.java:40)
	at com.flightbooking.hooks.Hooks.setup(Hooks.java:24)
]]>
    </error>
  </testcase> <!-- runScenario -->
  <testcase classname="com.flightbooking.runners.TestRunner" name="runScenario" time="6.299">
    <error message="&#039;org.openqa.selenium.WebDriver$Timeouts org.openqa.selenium.WebDriver$Timeouts.implicitlyWait(java.time.Duration)&#039;" type="java.lang.NoSuchMethodError">
      <![CDATA[java.lang.NoSuchMethodError: 'org.openqa.selenium.WebDriver$Timeouts org.openqa.selenium.WebDriver$Timeouts.implicitlyWait(java.time.Duration)'
	at com.flightbooking.utils.WebDriverFactory.initilizeBrowser(WebDriverFactory.java:40)
	at com.flightbooking.hooks.Hooks.setup(Hooks.java:24)
]]>
    </error>
  </testcase> <!-- runScenario -->
  <testcase classname="com.flightbooking.runners.TestRunner" name="runScenario" time="3.792">
    <error message="&#039;org.openqa.selenium.WebDriver$Timeouts org.openqa.selenium.WebDriver$Timeouts.implicitlyWait(java.time.Duration)&#039;" type="java.lang.NoSuchMethodError">
      <![CDATA[java.lang.NoSuchMethodError: 'org.openqa.selenium.WebDriver$Timeouts org.openqa.selenium.WebDriver$Timeouts.implicitlyWait(java.time.Duration)'
	at com.flightbooking.utils.WebDriverFactory.initilizeBrowser(WebDriverFactory.java:40)
	at com.flightbooking.hooks.Hooks.setup(Hooks.java:24)
]]>
    </error>
  </testcase> <!-- runScenario -->
  <testcase classname="com.flightbooking.runners.TestRunner" name="runScenario" time="7.307">
    <error message="&#039;org.openqa.selenium.WebDriver$Timeouts org.openqa.selenium.WebDriver$Timeouts.implicitlyWait(java.time.Duration)&#039;" type="java.lang.NoSuchMethodError">
      <![CDATA[java.lang.NoSuchMethodError: 'org.openqa.selenium.WebDriver$Timeouts org.openqa.selenium.WebDriver$Timeouts.implicitlyWait(java.time.Duration)'
	at com.flightbooking.utils.WebDriverFactory.initilizeBrowser(WebDriverFactory.java:40)
	at com.flightbooking.hooks.Hooks.setup(Hooks.java:24)
]]>
    </error>
  </testcase> <!-- runScenario -->
  <testcase classname="com.flightbooking.runners.TestRunner" name="runScenario" time="7.250">
    <error message="&#039;org.openqa.selenium.WebDriver$Timeouts org.openqa.selenium.WebDriver$Timeouts.implicitlyWait(java.time.Duration)&#039;" type="java.lang.NoSuchMethodError">
      <![CDATA[java.lang.NoSuchMethodError: 'org.openqa.selenium.WebDriver$Timeouts org.openqa.selenium.WebDriver$Timeouts.implicitlyWait(java.time.Duration)'
	at com.flightbooking.utils.WebDriverFactory.initilizeBrowser(WebDriverFactory.java:40)
	at com.flightbooking.hooks.Hooks.setup(Hooks.java:24)
]]>
    </error>
  </testcase> <!-- runScenario -->
  <testcase classname="com.flightbooking.runners.TestRunner" name="runScenario" time="6.159">
    <error message="&#039;org.openqa.selenium.WebDriver$Timeouts org.openqa.selenium.WebDriver$Timeouts.implicitlyWait(java.time.Duration)&#039;" type="java.lang.NoSuchMethodError">
      <![CDATA[java.lang.NoSuchMethodError: 'org.openqa.selenium.WebDriver$Timeouts org.openqa.selenium.WebDriver$Timeouts.implicitlyWait(java.time.Duration)'
	at com.flightbooking.utils.WebDriverFactory.initilizeBrowser(WebDriverFactory.java:40)
	at com.flightbooking.hooks.Hooks.setup(Hooks.java:24)
]]>
    </error>
  </testcase> <!-- runScenario -->
  <testcase classname="com.flightbooking.runners.TestRunner" name="runScenario" time="0.327">
    <error message="Cannot invoke &quot;String.toLowerCase()&quot; because the return value of &quot;java.util.Properties.getProperty(String)&quot; is null" type="java.lang.NullPointerException">
      <![CDATA[java.lang.NullPointerException: Cannot invoke "String.toLowerCase()" because the return value of "java.util.Properties.getProperty(String)" is null
	at com.flightbooking.utils.WebDriverFactory.initilizeBrowser(WebDriverFactory.java:22)
	at com.flightbooking.hooks.Hooks.setup(Hooks.java:24)
]]>
    </error>
  </testcase> <!-- runScenario -->
  <testcase classname="com.flightbooking.runners.TestRunner" name="runScenario" time="3.996">
    <error message="&#039;org.openqa.selenium.WebDriver$Timeouts org.openqa.selenium.WebDriver$Timeouts.implicitlyWait(java.time.Duration)&#039;" type="java.lang.NoSuchMethodError">
      <![CDATA[java.lang.NoSuchMethodError: 'org.openqa.selenium.WebDriver$Timeouts org.openqa.selenium.WebDriver$Timeouts.implicitlyWait(java.time.Duration)'
	at com.flightbooking.utils.WebDriverFactory.initilizeBrowser(WebDriverFactory.java:40)
	at com.flightbooking.hooks.Hooks.setup(Hooks.java:24)
]]>
    </error>
  </testcase> <!-- runScenario -->
  <testcase classname="com.flightbooking.runners.TestRunner" name="runScenario" time="4.759">
    <error message="&#039;org.openqa.selenium.WebDriver$Timeouts org.openqa.selenium.WebDriver$Timeouts.implicitlyWait(java.time.Duration)&#039;" type="java.lang.NoSuchMethodError">
      <![CDATA[java.lang.NoSuchMethodError: 'org.openqa.selenium.WebDriver$Timeouts org.openqa.selenium.WebDriver$Timeouts.implicitlyWait(java.time.Duration)'
	at com.flightbooking.utils.WebDriverFactory.initilizeBrowser(WebDriverFactory.java:40)
	at com.flightbooking.hooks.Hooks.setup(Hooks.java:24)
]]>
    </error>
  </testcase> <!-- runScenario -->
  <testcase classname="com.flightbooking.runners.TestRunner" name="runScenario" time="6.113">
    <error message="&#039;org.openqa.selenium.WebDriver$Timeouts org.openqa.selenium.WebDriver$Timeouts.implicitlyWait(java.time.Duration)&#039;" type="java.lang.NoSuchMethodError">
      <![CDATA[java.lang.NoSuchMethodError: 'org.openqa.selenium.WebDriver$Timeouts org.openqa.selenium.WebDriver$Timeouts.implicitlyWait(java.time.Duration)'
	at com.flightbooking.utils.WebDriverFactory.initilizeBrowser(WebDriverFactory.java:40)
	at com.flightbooking.hooks.Hooks.setup(Hooks.java:24)
]]>
    </error>
  </testcase> <!-- runScenario -->
  <testcase classname="com.flightbooking.runners.TestRunner" name="runScenario" time="3.258">
    <error message="&#039;org.openqa.selenium.WebDriver$Timeouts org.openqa.selenium.WebDriver$Timeouts.implicitlyWait(java.time.Duration)&#039;" type="java.lang.NoSuchMethodError">
      <![CDATA[java.lang.NoSuchMethodError: 'org.openqa.selenium.WebDriver$Timeouts org.openqa.selenium.WebDriver$Timeouts.implicitlyWait(java.time.Duration)'
	at com.flightbooking.utils.WebDriverFactory.initilizeBrowser(WebDriverFactory.java:40)
	at com.flightbooking.hooks.Hooks.setup(Hooks.java:24)
]]>
    </error>
  </testcase> <!-- runScenario -->
  <testcase classname="com.flightbooking.runners.TestRunner" name="runScenario" time="3.677">
    <error message="&#039;org.openqa.selenium.WebDriver$Timeouts org.openqa.selenium.WebDriver$Timeouts.implicitlyWait(java.time.Duration)&#039;" type="java.lang.NoSuchMethodError">
      <![CDATA[java.lang.NoSuchMethodError: 'org.openqa.selenium.WebDriver$Timeouts org.openqa.selenium.WebDriver$Timeouts.implicitlyWait(java.time.Duration)'
	at com.flightbooking.utils.WebDriverFactory.initilizeBrowser(WebDriverFactory.java:40)
	at com.flightbooking.hooks.Hooks.setup(Hooks.java:24)
]]>
    </error>
  </testcase> <!-- runScenario -->
</testsuite> <!-- com.flightbooking.runners.TestRunner -->
